<?xml version="1.0" encoding="UTF-8"?>
<testsuite name="me.spokenbot.service.UserServiceTest" tests="1" skipped="0" failures="0" errors="0" timestamp="2023-04-21T08:22:59" hostname="chubingnandeMacBook-Pro.local" time="0.354">
  <properties/>
  <testcase name="test()" classname="me.spokenbot.service.UserServiceTest" time="0.354"/>
  <system-out><![CDATA[16:22:56.970 [Test worker] DEBUG org.springframework.test.context.BootstrapUtils - Instantiating CacheAwareContextLoaderDelegate from class [org.springframework.test.context.cache.DefaultCacheAwareContextLoaderDelegate]
16:22:56.978 [Test worker] DEBUG org.springframework.test.context.BootstrapUtils - Instantiating BootstrapContext using constructor [public org.springframework.test.context.support.DefaultBootstrapContext(java.lang.Class,org.springframework.test.context.CacheAwareContextLoaderDelegate)]
16:22:56.995 [Test worker] DEBUG org.springframework.test.context.BootstrapUtils - Instantiating TestContextBootstrapper for test class [me.spokenbot.service.UserServiceTest] from class [org.springframework.boot.test.context.SpringBootTestContextBootstrapper]
16:22:57.001 [Test worker] INFO org.springframework.boot.test.context.SpringBootTestContextBootstrapper - Neither @ContextConfiguration nor @ContextHierarchy found for test class [me.spokenbot.service.UserServiceTest], using SpringBootContextLoader
16:22:57.004 [Test worker] DEBUG org.springframework.test.context.support.AbstractContextLoader - Did not detect default resource location for test class [me.spokenbot.service.UserServiceTest]: class path resource [me/spokenbot/service/UserServiceTest-context.xml] does not exist
16:22:57.004 [Test worker] DEBUG org.springframework.test.context.support.AbstractContextLoader - Did not detect default resource location for test class [me.spokenbot.service.UserServiceTest]: class path resource [me/spokenbot/service/UserServiceTestContext.groovy] does not exist
16:22:57.005 [Test worker] INFO org.springframework.test.context.support.AbstractContextLoader - Could not detect default resource locations for test class [me.spokenbot.service.UserServiceTest]: no resource found for suffixes {-context.xml, Context.groovy}.
16:22:57.005 [Test worker] INFO org.springframework.test.context.support.AnnotationConfigContextLoaderUtils - Could not detect default configuration classes for test class [me.spokenbot.service.UserServiceTest]: UserServiceTest does not declare any static, non-private, non-final, nested classes annotated with @Configuration.
16:22:57.030 [Test worker] DEBUG org.springframework.test.context.support.ActiveProfilesUtils - Could not find an 'annotation declaring class' for annotation type [org.springframework.test.context.ActiveProfiles] and class [me.spokenbot.service.UserServiceTest]
16:22:57.064 [Test worker] DEBUG org.springframework.context.annotation.ClassPathScanningCandidateComponentProvider - Identified candidate component class: file [/Users/chubingnan/Dev/github/hotaplayer/spoken_bot/backend/spoken_api/spoken-api/build/classes/java/main/me/spokenbot/SpokenBotApiApplication.class]
16:22:57.065 [Test worker] INFO org.springframework.boot.test.context.SpringBootTestContextBootstrapper - Found @SpringBootConfiguration me.spokenbot.SpokenBotApiApplication for test class me.spokenbot.service.UserServiceTest
16:22:57.115 [Test worker] DEBUG org.springframework.boot.test.context.SpringBootTestContextBootstrapper - @TestExecutionListeners is not present for class [me.spokenbot.service.UserServiceTest]: using defaults.
16:22:57.115 [Test worker] INFO org.springframework.boot.test.context.SpringBootTestContextBootstrapper - Loaded default TestExecutionListener class names from location [META-INF/spring.factories]: [org.springframework.boot.test.autoconfigure.restdocs.RestDocsTestExecutionListener, org.springframework.boot.test.autoconfigure.web.client.MockRestServiceServerResetTestExecutionListener, org.springframework.boot.test.autoconfigure.web.servlet.MockMvcPrintOnlyOnFailureTestExecutionListener, org.springframework.boot.test.autoconfigure.web.servlet.WebDriverTestExecutionListener, org.springframework.boot.test.autoconfigure.webservices.client.MockWebServiceServerTestExecutionListener, org.springframework.boot.test.mock.mockito.MockitoTestExecutionListener, org.springframework.boot.test.mock.mockito.ResetMocksTestExecutionListener, org.springframework.test.context.web.ServletTestExecutionListener, org.springframework.test.context.support.DirtiesContextBeforeModesTestExecutionListener, org.springframework.test.context.event.ApplicationEventsTestExecutionListener, org.springframework.test.context.support.DependencyInjectionTestExecutionListener, org.springframework.test.context.support.DirtiesContextTestExecutionListener, org.springframework.test.context.transaction.TransactionalTestExecutionListener, org.springframework.test.context.jdbc.SqlScriptsTestExecutionListener, org.springframework.test.context.event.EventPublishingTestExecutionListener]
16:22:57.124 [Test worker] INFO org.springframework.boot.test.context.SpringBootTestContextBootstrapper - Using TestExecutionListeners: [org.springframework.test.context.web.ServletTestExecutionListener@29539e36, org.springframework.test.context.support.DirtiesContextBeforeModesTestExecutionListener@32f61a31, org.springframework.test.context.event.ApplicationEventsTestExecutionListener@f5c79a6, org.springframework.boot.test.mock.mockito.MockitoTestExecutionListener@669253b7, org.springframework.boot.test.autoconfigure.SpringBootDependencyInjectionTestExecutionListener@5305c37d, org.springframework.test.context.support.DirtiesContextTestExecutionListener@51a06cbe, org.springframework.test.context.transaction.TransactionalTestExecutionListener@3dddbe65, org.springframework.test.context.jdbc.SqlScriptsTestExecutionListener@49a64d82, org.springframework.test.context.event.EventPublishingTestExecutionListener@344561e0, org.springframework.boot.test.autoconfigure.restdocs.RestDocsTestExecutionListener@66d23e4a, org.springframework.boot.test.autoconfigure.web.client.MockRestServiceServerResetTestExecutionListener@36ac8a63, org.springframework.boot.test.autoconfigure.web.servlet.MockMvcPrintOnlyOnFailureTestExecutionListener@4d9d1b69, org.springframework.boot.test.autoconfigure.web.servlet.WebDriverTestExecutionListener@52c8295b, org.springframework.boot.test.autoconfigure.webservices.client.MockWebServiceServerTestExecutionListener@251f7d26, org.springframework.boot.test.mock.mockito.ResetMocksTestExecutionListener@77b21474]
16:22:57.126 [Test worker] DEBUG org.springframework.test.context.support.AbstractDirtiesContextTestExecutionListener - Before test class: context [DefaultTestContext@46cf05f7 testClass = UserServiceTest, testInstance = [null], testMethod = [null], testException = [null], mergedContextConfiguration = [WebMergedContextConfiguration@5851bd4f testClass = UserServiceTest, locations = '{}', classes = '{class me.spokenbot.SpokenBotApiApplication}', contextInitializerClasses = '[]', activeProfiles = '{}', propertySourceLocations = '{}', propertySourceProperties = '{org.springframework.boot.test.context.SpringBootTestContextBootstrapper=true}', contextCustomizers = set[org.springframework.boot.test.autoconfigure.actuate.metrics.MetricsExportContextCustomizerFactory$DisableMetricExportContextCustomizer@7e22550a, org.springframework.boot.test.autoconfigure.properties.PropertyMappingContextCustomizer@0, org.springframework.boot.test.autoconfigure.web.servlet.WebDriverContextCustomizerFactory$Customizer@1af146, org.springframework.boot.test.context.filter.ExcludeFilterContextCustomizer@fb9c7aa, org.springframework.boot.test.json.DuplicateJsonObjectContextCustomizerFactory$DuplicateJsonObjectContextCustomizer@60a2630a, org.springframework.boot.test.mock.mockito.MockitoContextCustomizer@0, org.springframework.boot.test.web.client.TestRestTemplateContextCustomizer@1698fc68, org.springframework.boot.test.context.SpringBootTestArgs@1, org.springframework.boot.test.context.SpringBootTestWebEnvironment@222a59e6], resourceBasePath = 'src/main/webapp', contextLoader = 'org.springframework.boot.test.context.SpringBootContextLoader', parent = [null]], attributes = map['org.springframework.test.context.web.ServletTestExecutionListener.activateListener' -> true]], class annotated with @DirtiesContext [false] with mode [null].

  .   ____          _            __ _ _
 /\\ / ___'_ __ _ _(_)_ __  __ _ \ \ \ \
( ( )\___ | '_ | '_| | '_ \/ _` | \ \ \ \
 \\/  ___)| |_)| | | | | || (_| |  ) ) ) )
  '  |____| .__|_| |_|_| |_\__, | / / / /
 =========|_|==============|___/=/_/_/_/
 :: Spring Boot ::                (v2.7.5)

2023-04-21 16:22:57.340  INFO 45303 --- [    Test worker] me.spokenbot.service.UserServiceTest     : Starting UserServiceTest using Java 13.0.14 on chubingnandeMacBook-Pro.local with PID 45303 (started by chubingnan in /Users/chubingnan/Dev/github/hotaplayer/spoken_bot/backend/spoken_api/spoken-api)
2023-04-21 16:22:57.341  INFO 45303 --- [    Test worker] me.spokenbot.service.UserServiceTest     : No active profile set, falling back to 1 default profile: "default"
2023-04-21 16:22:58.625  INFO 45303 --- [    Test worker] o.s.s.web.DefaultSecurityFilterChain     : Will secure any request with [org.springframework.security.web.session.DisableEncodeUrlFilter@2e93108a, org.springframework.security.web.context.request.async.WebAsyncManagerIntegrationFilter@34e25492, org.springframework.security.web.context.SecurityContextPersistenceFilter@35e689a0, org.springframework.security.web.header.HeaderWriterFilter@1a34a51e, org.springframework.web.filter.CorsFilter@32f308c6, org.springframework.security.web.authentication.logout.LogoutFilter@17003497, org.springframework.security.web.savedrequest.RequestCacheAwareFilter@1de30c31, org.springframework.security.web.servletapi.SecurityContextHolderAwareRequestFilter@2e4ecdf8, org.springframework.security.web.authentication.rememberme.RememberMeAuthenticationFilter@83ebdc5, org.springframework.security.web.authentication.AnonymousAuthenticationFilter@5f2b9da8, org.springframework.security.web.session.SessionManagementFilter@2dbf2da, org.springframework.security.web.access.ExceptionTranslationFilter@342a1f84, org.springframework.security.web.access.intercept.FilterSecurityInterceptor@121cf6f4]
2023-04-21 16:22:58.657  INFO 45303 --- [    Test worker] pertySourcedRequestMappingHandlerMapping : Mapped URL path [/v2/api-docs] onto method [springfox.documentation.swagger2.web.Swagger2Controller#getDocumentation(String, HttpServletRequest)]
2023-04-21 16:22:59.072  INFO 45303 --- [    Test worker] d.s.w.p.DocumentationPluginsBootstrapper : Context refreshed
2023-04-21 16:22:59.082  INFO 45303 --- [    Test worker] d.s.w.p.DocumentationPluginsBootstrapper : Found 1 custom documentation plugin(s)
2023-04-21 16:22:59.102  INFO 45303 --- [    Test worker] s.d.s.w.s.ApiListingReferenceScanner     : Scanning for api listing references
2023-04-21 16:22:59.189  INFO 45303 --- [    Test worker] me.spokenbot.service.UserServiceTest     : Started UserServiceTest in 2.04 seconds (JVM running for 2.652)
]]></system-out>
  <system-err><![CDATA[]]></system-err>
</testsuite>
